0 info it worked if it ends with ok
1 verbose cli [ '/usr/bin/node', '/usr/bin/npm', 'install', '-g', 'meteorite' ]
2 info using npm@1.3.11
3 info using node@v0.10.20
4 verbose node symlink /usr/bin/node
5 verbose cache add [ 'meteorite', null ]
6 verbose cache add name=undefined spec="meteorite" args=["meteorite",null]
7 verbose parsed url { protocol: null,
7 verbose parsed url   slashes: null,
7 verbose parsed url   auth: null,
7 verbose parsed url   host: null,
7 verbose parsed url   port: null,
7 verbose parsed url   hostname: null,
7 verbose parsed url   hash: null,
7 verbose parsed url   search: null,
7 verbose parsed url   query: null,
7 verbose parsed url   pathname: 'meteorite',
7 verbose parsed url   path: 'meteorite',
7 verbose parsed url   href: 'meteorite' }
8 silly lockFile 8f2f99a9-meteorite meteorite
9 verbose lock meteorite /home/dan/.npm/8f2f99a9-meteorite.lock
10 silly lockFile 8f2f99a9-meteorite meteorite
11 silly lockFile 8f2f99a9-meteorite meteorite
12 verbose addNamed [ 'meteorite', '' ]
13 verbose addNamed [ null, '*' ]
14 silly lockFile bf6d5fee-meteorite meteorite@
15 verbose lock meteorite@ /home/dan/.npm/bf6d5fee-meteorite.lock
16 silly addNameRange { name: 'meteorite', range: '*', hasData: false }
17 verbose url raw meteorite
18 verbose url resolving [ 'https://registry.npmjs.org/', './meteorite' ]
19 verbose url resolved https://registry.npmjs.org/meteorite
20 info trying registry request attempt 1 at 19:37:48
21 http GET https://registry.npmjs.org/meteorite
22 http 200 https://registry.npmjs.org/meteorite
23 silly registry.get cb [ 200,
23 silly registry.get   { vary: 'Accept',
23 silly registry.get     server: 'CouchDB/1.3.1 (Erlang OTP/R15B03)',
23 silly registry.get     etag: '"BCU8UCOI7FW4Q443YGOYF4A02"',
23 silly registry.get     date: 'Sun, 06 Oct 2013 02:37:49 GMT',
23 silly registry.get     'content-type': 'application/json',
23 silly registry.get     'content-length': '240506' } ]
24 silly addNameRange number 2 { name: 'meteorite', range: '*', hasData: true }
25 silly addNameRange versions [ 'meteorite',
25 silly addNameRange   [ '0.0.1',
25 silly addNameRange     '0.0.2',
25 silly addNameRange     '0.0.3',
25 silly addNameRange     '0.0.4',
25 silly addNameRange     '0.0.5',
25 silly addNameRange     '0.0.6',
25 silly addNameRange     '0.0.7',
25 silly addNameRange     '0.0.8',
25 silly addNameRange     '0.0.9',
25 silly addNameRange     '0.0.10',
25 silly addNameRange     '0.0.11',
25 silly addNameRange     '0.0.12',
25 silly addNameRange     '0.0.13',
25 silly addNameRange     '0.0.14',
25 silly addNameRange     '0.0.15',
25 silly addNameRange     '0.0.16',
25 silly addNameRange     '0.0.17',
25 silly addNameRange     '0.0.18',
25 silly addNameRange     '0.0.19',
25 silly addNameRange     '0.1.0',
25 silly addNameRange     '0.1.1',
25 silly addNameRange     '0.2.0',
25 silly addNameRange     '0.2.1',
25 silly addNameRange     '0.2.2',
25 silly addNameRange     '0.3.0',
25 silly addNameRange     '0.3.1',
25 silly addNameRange     '0.3.3',
25 silly addNameRange     '0.4.0',
25 silly addNameRange     '0.4.1',
25 silly addNameRange     '0.4.2',
25 silly addNameRange     '0.4.3',
25 silly addNameRange     '0.4.4',
25 silly addNameRange     '0.4.5',
25 silly addNameRange     '0.4.6',
25 silly addNameRange     '0.4.7',
25 silly addNameRange     '0.4.8',
25 silly addNameRange     '0.4.9',
25 silly addNameRange     '0.5.0',
25 silly addNameRange     '0.5.1',
25 silly addNameRange     '0.6.0',
25 silly addNameRange     '0.6.1',
25 silly addNameRange     '0.6.2',
25 silly addNameRange     '0.6.3',
25 silly addNameRange     '0.6.4',
25 silly addNameRange     '0.6.5',
25 silly addNameRange     '0.6.6',
25 silly addNameRange     '0.6.7',
25 silly addNameRange     '0.6.8',
25 silly addNameRange     '0.6.9',
25 silly addNameRange     '0.6.10',
25 silly addNameRange     '0.6.11',
25 silly addNameRange     '0.6.12',
25 silly addNameRange     '0.6.13',
25 silly addNameRange     '0.6.14' ] ]
26 verbose addNamed [ 'meteorite', '0.6.14' ]
27 verbose addNamed [ '0.6.14', '0.6.14' ]
28 silly lockFile 1d607590-meteorite-0-6-14 meteorite@0.6.14
29 verbose lock meteorite@0.6.14 /home/dan/.npm/1d607590-meteorite-0-6-14.lock
30 silly lockFile 1b87b1b8-g-meteorite-meteorite-0-6-14-tgz https://registry.npmjs.org/meteorite/-/meteorite-0.6.14.tgz
31 verbose lock https://registry.npmjs.org/meteorite/-/meteorite-0.6.14.tgz /home/dan/.npm/1b87b1b8-g-meteorite-meteorite-0-6-14-tgz.lock
32 verbose addRemoteTarball [ 'https://registry.npmjs.org/meteorite/-/meteorite-0.6.14.tgz',
32 verbose addRemoteTarball   '96a5032a2a1af9e9e1b32c1a364ddf1123b9643c' ]
33 silly lockFile 1b87b1b8-g-meteorite-meteorite-0-6-14-tgz https://registry.npmjs.org/meteorite/-/meteorite-0.6.14.tgz
34 silly lockFile 1b87b1b8-g-meteorite-meteorite-0-6-14-tgz https://registry.npmjs.org/meteorite/-/meteorite-0.6.14.tgz
35 silly lockFile 1d607590-meteorite-0-6-14 meteorite@0.6.14
36 silly lockFile 1d607590-meteorite-0-6-14 meteorite@0.6.14
37 silly lockFile bf6d5fee-meteorite meteorite@
38 silly lockFile bf6d5fee-meteorite meteorite@
39 error Error: EACCES, mkdir '/home/dan/tmp/npm-23405-xumCrMFA'
39 error  { [Error: EACCES, mkdir '/home/dan/tmp/npm-23405-xumCrMFA']
39 error   errno: 3,
39 error   code: 'EACCES',
39 error   path: '/home/dan/tmp/npm-23405-xumCrMFA' }
40 error Please try running this command again as root/Administrator.
41 error System Linux 3.8.0-31-generic
42 error command "/usr/bin/node" "/usr/bin/npm" "install" "-g" "meteorite"
43 error cwd /home/dan/code/free-thinking-it-chat
44 error node -v v0.10.20
45 error npm -v 1.3.11
46 error path /home/dan/tmp/npm-23405-xumCrMFA
47 error code EACCES
48 error errno 3
49 error stack Error: EACCES, mkdir '/home/dan/tmp/npm-23405-xumCrMFA'
50 verbose exit [ 3, true ]
